\BOOKMARK [1][-]{section.1}{\376\377\000I\000n\000t\000r\000o\000d\000u\000c\000t\000i\000o\000n}{}% 1
\BOOKMARK [1][-]{section.2}{\376\377\000R\000e\000l\000a\000t\000e\000d\000\040\000W\000o\000r\000k}{}% 2
\BOOKMARK [1][-]{section.3}{\376\377\000T\000h\000e\000\040\000B\000e\000n\000c\000h\000C\000A\000D\000\040\000D\000a\000t\000a\000s\000e\000t}{}% 3
\BOOKMARK [1][-]{section.4}{\376\377\000C\000A\000D\000\040\000B\000e\000n\000c\000h\000m\000a\000r\000k\000\040\000T\000a\000s\000k\000s}{}% 4
\BOOKMARK [2][-]{subsection.4.1}{\376\377\000V\000i\000s\000i\000o\000n\000\040\000Q\000A\000\040\000a\000n\000d\000\040\000C\000o\000d\000e\000\040\000Q\000A}{section.4}% 5
\BOOKMARK [2][-]{subsection.4.2}{\376\377\000I\000n\000s\000t\000r\000u\000c\000t\000i\000o\000n\000-\000G\000u\000i\000d\000e\000d\000\040\000E\000d\000i\000t\000i\000n\000g\000:\000\040\000e\000d\000i\000t\000\137\000c\000o\000d\000e}{section.4}% 6
\BOOKMARK [2][-]{subsection.4.3}{\376\377\000I\000m\000a\000g\000e\000-\000t\000o\000-\000C\000o\000d\000e\000\040\000G\000e\000n\000e\000r\000a\000t\000i\000o\000n\000:\000\040\000c\000o\000d\000e\000g\000e\000n}{section.4}% 7
\BOOKMARK [1][-]{section.5}{\376\377\000E\000x\000p\000e\000r\000i\000m\000e\000n\000t\000s}{}% 8
\BOOKMARK [2][-]{subsection.5.1}{\376\377\000M\000a\000i\000n\000\040\000R\000e\000s\000u\000l\000t\000s}{section.5}% 9
\BOOKMARK [2][-]{subsection.5.2}{\376\377\000H\000o\000l\000i\000s\000t\000i\000c\000\040\000S\000p\000a\000t\000i\000a\000l\000\040\000a\000n\000d\000\040\000D\000e\000t\000a\000i\000l\000i\000n\000g\000\040\000D\000e\000f\000i\000c\000i\000t\000\040\000a\000n\000d\000\040\000C\000a\000p\000a\000b\000i\000l\000i\000t\000y\000\040\000P\000r\000o\000f\000i\000l\000e}{section.5}% 10
\BOOKMARK [2][-]{subsection.5.3}{\376\377\000T\000h\000e\000\040\000F\000a\000m\000i\000l\000y\000\040\000C\000l\000i\000f\000f}{section.5}% 11
\BOOKMARK [2][-]{subsection.5.4}{\376\377\000T\000h\000e\000\040\000E\000d\000i\000t\000\040\000T\000a\000s\000k\000:\000\040\000V\000e\000r\000i\000f\000i\000e\000d\000\040\000P\000a\000r\000a\000m\000e\000t\000r\000i\000c\000\040\000E\000d\000i\000t\000i\000n\000g}{section.5}% 12
\BOOKMARK [1][-]{section.6}{\376\377\000T\000h\000e\000\040\000C\000A\000D\000\040\000O\000p\000e\000r\000a\000t\000i\000o\000n\000a\000l\000\040\000B\000l\000i\000n\000d\000s\000p\000o\000t}{}% 13
\BOOKMARK [1][-]{section.7}{\376\377\000C\000o\000n\000c\000l\000u\000s\000i\000o\000n}{}% 14
\BOOKMARK [1][-]{appendix.A}{\376\377\000E\000x\000t\000e\000n\000d\000e\000d\000\040\000D\000i\000s\000c\000u\000s\000s\000i\000o\000n}{}% 15
\BOOKMARK [1][-]{appendix.B}{\376\377\000L\000i\000m\000i\000t\000a\000t\000i\000o\000n\000s}{}% 16
\BOOKMARK [1][-]{appendix.C}{\376\377\000T\000r\000a\000n\000s\000f\000e\000r\000\040\000B\000a\000s\000e\000l\000i\000n\000e\000\040\000D\000e\000t\000a\000i\000l\000:\000\040\000c\000a\000d\000r\000i\000l\000l\000e\000\040\000v\000s\000.\000\040\000C\000A\000D\000E\000v\000o\000l\000v\000e}{}% 17
\BOOKMARK [1][-]{appendix.D}{\376\377\000F\000u\000l\000l\000\040\000C\000o\000m\000p\000a\000r\000i\000s\000o\000n\000\040\000A\000g\000a\000i\000n\000s\000t\000\040\000P\000r\000i\000o\000r\000\040\000C\000A\000D\000\040\000C\000o\000d\000e\000-\000G\000e\000n\000e\000r\000a\000t\000i\000o\000n\000\040\000W\000o\000r\000k}{}% 18
\BOOKMARK [1][-]{appendix.E}{\376\377\000S\000t\000a\000n\000d\000a\000r\000d\000\040\000C\000o\000d\000e\000s\000\040\000C\000o\000v\000e\000r\000e\000d}{}% 19
\BOOKMARK [1][-]{appendix.F}{\376\377\000F\000u\000l\000l\000\040\000P\000e\000r\000-\000M\000o\000d\000e\000l\000\040\000P\000e\000r\000-\000T\000a\000s\000k\000\040\000R\000e\000s\000u\000l\000t\000s}{}% 20
\BOOKMARK [1][-]{appendix.G}{\376\377\000C\000A\000D\000\040\000O\000p\000e\000r\000a\000t\000i\000o\000n\000a\000l\000\040\000B\000l\000i\000n\000d\000s\000p\000o\000t\000:\000\040\000F\000u\000l\000l\000\040\000T\000a\000b\000l\000e\000s\000\040\000a\000n\000d\000\040\000T\000r\000a\000i\000n\000i\000n\000g\000\040\000C\000u\000r\000v\000e\000s}{}% 21
\BOOKMARK [1][-]{appendix.H}{\376\377\000E\000x\000t\000e\000n\000d\000e\000d\000\040\000C\000a\000p\000a\000b\000i\000l\000i\000t\000y\000\040\000A\000n\000a\000l\000y\000s\000i\000s}{}% 22
\BOOKMARK [1][-]{appendix.I}{\376\377\000O\000p\000e\000n\000\040\000B\000e\000n\000c\000h\000C\000A\000D\000-\000T\000r\000a\000i\000n\000e\000d\000\040\000B\000a\000s\000e\000l\000i\000n\000e}{}% 23
\BOOKMARK [1][-]{appendix.J}{\376\377\000D\000a\000t\000a\000s\000h\000e\000e\000t\000\040\000f\000o\000r\000\040\000B\000e\000n\000c\000h\000C\000A\000D}{}% 24
\BOOKMARK [1][-]{appendix.K}{\376\377\000Q\000u\000e\000s\000t\000i\000o\000n\000\040\000B\000a\000n\000k\000\040\000C\000o\000n\000s\000t\000r\000u\000c\000t\000i\000o\000n}{}% 25
\BOOKMARK [1][-]{appendix.L}{\376\377\000R\000o\000t\000a\000t\000i\000o\000n\000-\000I\000n\000v\000a\000r\000i\000a\000n\000t\000\040\000I\000o\000U}{}% 26
\BOOKMARK [1][-]{appendix.M}{\376\377\000E\000d\000i\000t\000\040\000P\000r\000o\000t\000o\000c\000o\000l}{}% 27
\BOOKMARK [1][-]{appendix.N}{\376\377\000I\000n\000f\000e\000r\000e\000n\000c\000e\000\040\000S\000t\000r\000a\000t\000e\000g\000y\000\040\000a\000n\000d\000\040\000S\000c\000o\000r\000i\000n\000g\000\040\000A\000b\000l\000a\000t\000i\000o\000n\000s}{}% 28
\BOOKMARK [1][-]{appendix.O}{\376\377\000C\000a\000d\000Q\000u\000e\000r\000y\000\040\000O\000p\000e\000r\000a\000t\000i\000o\000n\000\040\000C\000o\000v\000e\000r\000a\000g\000e}{}% 29
\BOOKMARK [1][-]{appendix.P}{\376\377\000P\000e\000r\000-\000F\000a\000m\000i\000l\000y\000\040\000R\000e\000s\000u\000l\000t\000s}{}% 30
\BOOKMARK [1][-]{appendix.Q}{\376\377\000R\000e\000p\000r\000o\000d\000u\000c\000t\000i\000o\000n\000\040\000R\000e\000c\000i\000p\000e}{}% 31
\BOOKMARK [1][-]{appendix.R}{\376\377\000E\000t\000h\000i\000c\000a\000l\000\040\000C\000o\000n\000s\000i\000d\000e\000r\000a\000t\000i\000o\000n\000s\000\040\000a\000n\000d\000\040\000B\000r\000o\000a\000d\000e\000r\000\040\000I\000m\000p\000a\000c\000t}{}% 32
